<?xml version="1.0" encoding="UTF-8"?>
<!-- Generated by org.testng.reporters.JUnitXMLReporter -->
<testsuite hostname="DESKTOP-2C5FTC3" ignored="0" name="Test2" tests="4" failures="0" timestamp="2021-01-05T23:40:28 EST" time="0.059" errors="0">
  <testcase name="test1" time="0.009" classname="Test.TestNGgroupdemo"/>
  <testcase name="test2" time="0.002" classname="Test.TestNGgroupdemo"/>
  <testcase name="test3" time="0.001" classname="Test.TestNGgroupdemo"/>
  <testcase name="test4" time="0.001" classname="Test.TestNGgroupdemo"/>
</testsuite> <!-- Test2 -->
